This is pdfTeX, Version 3.141592653-2.6-1.40.25 (TeX Live 2023/Debian) (preloaded format=pdflatex 2025.7.16)  16 JUL 2025 15:59
entering extended mode
 restricted \write18 enabled.
 %&-line parsing enabled.
**main.tex
(./main.tex
LaTeX2e <2023-11-01> patch level 1
L3 programming layer <2024-01-22>
(/usr/share/texlive/texmf-dist/tex/latex/base/report.cls
Document Class: report 2023/05/17 v1.4n Standard LaTeX document class
(/usr/share/texlive/texmf-dist/tex/latex/base/size12.clo
File: size12.clo 2023/05/17 v1.4n Standard LaTeX file (size option)
)
\c@part=\count187
\c@chapter=\count188
\c@section=\count189
\c@subsection=\count190
\c@subsubsection=\count191
\c@paragraph=\count192
\c@subparagraph=\count193
\c@figure=\count194
\c@table=\count195
\abovecaptionskip=\skip48
\belowcaptionskip=\skip49
\bibindent=\dimen140
)
(./setup/packages.tex
(/usr/share/texlive/texmf-dist/tex/latex/base/inputenc.sty
Package: inputenc 2021/02/14 v1.3d Input encoding file
\inpenc@prehook=\toks17
\inpenc@posthook=\toks18
)
(/usr/share/texlive/texmf-dist/tex/latex/base/fontenc.sty
Package: fontenc 2021/04/29 v2.0v Standard LaTeX package
)
(/usr/share/texlive/texmf-dist/tex/latex/psnfss/times.sty
Package: times 2020/03/25 PSNFSS-v9.3 (SPQR) 
)
(/usr/share/texlive/texmf-dist/tex/latex/geometry/geometry.sty
Package: geometry 2020/01/02 v5.9 Page Geometry

(/usr/share/texlive/texmf-dist/tex/latex/graphics/keyval.sty
Package: keyval 2022/05/29 v1.15 key=value parser (DPC)
\KV@toks@=\toks19
)
(/usr/share/texlive/texmf-dist/tex/generic/iftex/ifvtex.sty
Package: ifvtex 2019/10/25 v1.7 ifvtex legacy package. Use iftex instead.

(/usr/share/texlive/texmf-dist/tex/generic/iftex/iftex.sty
Package: iftex 2022/02/03 v1.0f TeX engine tests
))
\Gm@cnth=\count196
\Gm@cntv=\count197
\c@Gm@tempcnt=\count198
\Gm@bindingoffset=\dimen141
\Gm@wd@mp=\dimen142
\Gm@odd@mp=\dimen143
\Gm@even@mp=\dimen144
\Gm@layoutwidth=\dimen145
\Gm@layoutheight=\dimen146
\Gm@layouthoffset=\dimen147
\Gm@layoutvoffset=\dimen148
\Gm@dimlist=\toks20
)
(/usr/share/texlive/texmf-dist/tex/latex/graphics/graphicx.sty
Package: graphicx 2021/09/16 v1.2d Enhanced LaTeX Graphics (DPC,SPQR)

(/usr/share/texlive/texmf-dist/tex/latex/graphics/graphics.sty
Package: graphics 2022/03/10 v1.4e Standard LaTeX Graphics (DPC,SPQR)

(/usr/share/texlive/texmf-dist/tex/latex/graphics/trig.sty
Package: trig 2021/08/11 v1.11 sin cos tan (DPC)
)
(/usr/share/texlive/texmf-dist/tex/latex/graphics-cfg/graphics.cfg
File: graphics.cfg 2016/06/04 v1.11 sample graphics configuration
)
Package graphics Info: Driver file: pdftex.def on input line 107.

(/usr/share/texlive/texmf-dist/tex/latex/graphics-def/pdftex.def
File: pdftex.def 2022/09/22 v1.2b Graphics/color driver for pdftex
))
\Gin@req@height=\dimen149
\Gin@req@width=\dimen150
)
(/usr/share/texlive/texmf-dist/tex/latex/float/float.sty
Package: float 2001/11/08 v1.3d Float enhancements (AL)
\c@float@type=\count199
\float@exts=\toks21
\float@box=\box51
\@float@everytoks=\toks22
\@floatcapt=\box52
)
(/usr/share/texlive/texmf-dist/tex/latex/tools/array.sty
Package: array 2023/10/16 v2.5g Tabular extension package (FMi)
\col@sep=\dimen151
\ar@mcellbox=\box53
\extrarowheight=\dimen152
\NC@list=\toks23
\extratabsurround=\skip50
\backup@length=\skip51
\ar@cellbox=\box54
)
(/usr/share/texlive/texmf-dist/tex/latex/tools/longtable.sty
Package: longtable 2023-11-01 v4.19 Multi-page Table package (DPC)
\LTleft=\skip52
\LTright=\skip53
\LTpre=\skip54
\LTpost=\skip55
\LTchunksize=\count266
\LTcapwidth=\dimen153
\LT@head=\box55
\LT@firsthead=\box56
\LT@foot=\box57
\LT@lastfoot=\box58
\LT@gbox=\box59
\LT@cols=\count267
\LT@rows=\count268
\c@LT@tables=\count269
\c@LT@chunks=\count270
\LT@p@ftn=\toks24
)
(/usr/share/texlive/texmf-dist/tex/latex/multirow/multirow.sty
Package: multirow 2021/03/15 v2.8 Span multiple rows of a table
\multirow@colwidth=\skip56
\multirow@cntb=\count271
\multirow@dima=\skip57
\bigstrutjot=\dimen154
)
(/usr/share/texlive/texmf-dist/tex/latex/booktabs/booktabs.sty
Package: booktabs 2020/01/12 v1.61803398 Publication quality tables
\heavyrulewidth=\dimen155
\lightrulewidth=\dimen156
\cmidrulewidth=\dimen157
\belowrulesep=\dimen158
\belowbottomsep=\dimen159
\aboverulesep=\dimen160
\abovetopsep=\dimen161
\cmidrulesep=\dimen162
\cmidrulekern=\dimen163
\defaultaddspace=\dimen164
\@cmidla=\count272
\@cmidlb=\count273
\@aboverulesep=\dimen165
\@belowrulesep=\dimen166
\@thisruleclass=\count274
\@lastruleclass=\count275
\@thisrulewidth=\dimen167
)
(/usr/share/texlive/texmf-dist/tex/latex/amsmath/amsmath.sty
Package: amsmath 2023/05/13 v2.17o AMS math features
\@mathmargin=\skip58

For additional information on amsmath, use the `?' option.
(/usr/share/texlive/texmf-dist/tex/latex/amsmath/amstext.sty
Package: amstext 2021/08/26 v2.01 AMS text

(/usr/share/texlive/texmf-dist/tex/latex/amsmath/amsgen.sty
File: amsgen.sty 1999/11/30 v2.0 generic functions
\@emptytoks=\toks25
\ex@=\dimen168
))
(/usr/share/texlive/texmf-dist/tex/latex/amsmath/amsbsy.sty
Package: amsbsy 1999/11/29 v1.2d Bold Symbols
\pmbraise@=\dimen169
)
(/usr/share/texlive/texmf-dist/tex/latex/amsmath/amsopn.sty
Package: amsopn 2022/04/08 v2.04 operator names
)
\inf@bad=\count276
LaTeX Info: Redefining \frac on input line 234.
\uproot@=\count277
\leftroot@=\count278
LaTeX Info: Redefining \overline on input line 399.
LaTeX Info: Redefining \colon on input line 410.
\classnum@=\count279
\DOTSCASE@=\count280
LaTeX Info: Redefining \ldots on input line 496.
LaTeX Info: Redefining \dots on input line 499.
LaTeX Info: Redefining \cdots on input line 620.
\Mathstrutbox@=\box60
\strutbox@=\box61
LaTeX Info: Redefining \big on input line 722.
LaTeX Info: Redefining \Big on input line 723.
LaTeX Info: Redefining \bigg on input line 724.
LaTeX Info: Redefining \Bigg on input line 725.
\big@size=\dimen170
LaTeX Font Info:    Redeclaring font encoding OML on input line 743.
LaTeX Font Info:    Redeclaring font encoding OMS on input line 744.
\macc@depth=\count281
LaTeX Info: Redefining \bmod on input line 905.
LaTeX Info: Redefining \pmod on input line 910.
LaTeX Info: Redefining \smash on input line 940.
LaTeX Info: Redefining \relbar on input line 970.
LaTeX Info: Redefining \Relbar on input line 971.
\c@MaxMatrixCols=\count282
\dotsspace@=\muskip16
\c@parentequation=\count283
\dspbrk@lvl=\count284
\tag@help=\toks26
\row@=\count285
\column@=\count286
\maxfields@=\count287
\andhelp@=\toks27
\eqnshift@=\dimen171
\alignsep@=\dimen172
\tagshift@=\dimen173
\tagwidth@=\dimen174
\totwidth@=\dimen175
\lineht@=\dimen176
\@envbody=\toks28
\multlinegap=\skip59
\multlinetaggap=\skip60
\mathdisplay@stack=\toks29
LaTeX Info: Redefining \[ on input line 2953.
LaTeX Info: Redefining \] on input line 2954.
)
(/usr/share/texlive/texmf-dist/tex/latex/amsfonts/amsfonts.sty
Package: amsfonts 2013/01/14 v3.01 Basic AMSFonts support
\symAMSa=\mathgroup4
\symAMSb=\mathgroup5
LaTeX Font Info:    Redeclaring math symbol \hbar on input line 98.
LaTeX Font Info:    Overwriting math alphabet `\mathfrak' in version `bold'
(Font)                  U/euf/m/n --> U/euf/b/n on input line 106.
)
(/usr/share/texlive/texmf-dist/tex/latex/amsfonts/amssymb.sty
Package: amssymb 2013/01/14 v3.01 AMS font symbols
)
(/usr/share/texlive/texmf-dist/tex/latex/algorithms/algorithm.sty
Package: algorithm 2009/08/24 v0.1 Document Style `algorithm' - floating enviro
nment

(/usr/share/texlive/texmf-dist/tex/latex/base/ifthen.sty
Package: ifthen 2022/04/13 v1.1d Standard LaTeX ifthen package (DPC)
)
\@float@every@algorithm=\toks30
\c@algorithm=\count288
)
(/usr/share/texlive/texmf-dist/tex/latex/algorithms/algorithmic.sty
Package: algorithmic 2009/08/24 v0.1 Document Style `algorithmic'
\c@ALC@unique=\count289
\c@ALC@line=\count290
\c@ALC@rem=\count291
\c@ALC@depth=\count292
\ALC@tlm=\skip61
\algorithmicindent=\skip62
)
(/usr/share/texlive/texmf-dist/tex/latex/caption/subcaption.sty
Package: subcaption 2023/07/28 v1.6b Sub-captions (AR)

(/usr/share/texlive/texmf-dist/tex/latex/caption/caption.sty
Package: caption 2023/08/05 v3.6o Customizing captions (AR)

(/usr/share/texlive/texmf-dist/tex/latex/caption/caption3.sty
Package: caption3 2023/07/31 v2.4d caption3 kernel (AR)
\caption@tempdima=\dimen177
\captionmargin=\dimen178
\caption@leftmargin=\dimen179
\caption@rightmargin=\dimen180
\caption@width=\dimen181
\caption@indent=\dimen182
\caption@parindent=\dimen183
\caption@hangindent=\dimen184
Package caption Info: Standard document class detected.
)
\c@caption@flags=\count293
\c@continuedfloat=\count294
Package caption Info: float package is loaded.
Package caption Info: longtable package is loaded.

(/usr/share/texlive/texmf-dist/tex/latex/caption/ltcaption.sty
Package: ltcaption 2021/01/08 v1.4c longtable captions (AR)
))
Package caption Info: New subtype `subfigure' on input line 238.
\c@subfigure=\count295
Package caption Info: New subtype `subtable' on input line 238.
\c@subtable=\count296
)
(/usr/share/texlive/texmf-dist/tex/latex/url/url.sty
\Urlmuskip=\muskip17
Package: url 2013/09/16  ver 3.4  Verb mode for urls, etc.
)
(/usr/share/texlive/texmf-dist/tex/latex/cite/cite.sty
LaTeX Info: Redefining \cite on input line 302.
LaTeX Info: Redefining \nocite on input line 332.
Package: cite 2015/02/27  v 5.5
)
(/usr/share/texlive/texmf-dist/tex/latex/fancyhdr/fancyhdr.sty
Package: fancyhdr 2022/11/09 v4.1 Extensive control of page headers and footers

\f@nch@headwidth=\skip63
\f@nch@O@elh=\skip64
\f@nch@O@erh=\skip65
\f@nch@O@olh=\skip66
\f@nch@O@orh=\skip67
\f@nch@O@elf=\skip68
\f@nch@O@erf=\skip69
\f@nch@O@olf=\skip70
\f@nch@O@orf=\skip71
)
(/usr/share/texlive/texmf-dist/tex/latex/titlesec/titlesec.sty
Package: titlesec 2023/10/27 v2.16 Sectioning titles
\ttl@box=\box62
\beforetitleunit=\skip72
\aftertitleunit=\skip73
\ttl@plus=\dimen185
\ttl@minus=\dimen186
\ttl@toksa=\toks31
\titlewidth=\dimen187
\titlewidthlast=\dimen188
\titlewidthfirst=\dimen189
)
(/usr/share/texlive/texmf-dist/tex/latex/tocloft/tocloft.sty
Package: tocloft 2017/08/31 v2.3i parameterised ToC, etc., typesetting
Package tocloft Info: The document has chapter divisions on input line 51.
\cftparskip=\skip74
\cftbeforetoctitleskip=\skip75
\cftaftertoctitleskip=\skip76
\cftbeforepartskip=\skip77
\cftpartnumwidth=\skip78
\cftpartindent=\skip79
\cftbeforechapskip=\skip80
\cftchapindent=\skip81
\cftchapnumwidth=\skip82
\cftbeforesecskip=\skip83
\cftsecindent=\skip84
\cftsecnumwidth=\skip85
\cftbeforesubsecskip=\skip86
\cftsubsecindent=\skip87
\cftsubsecnumwidth=\skip88
\cftbeforesubsubsecskip=\skip89
\cftsubsubsecindent=\skip90
\cftsubsubsecnumwidth=\skip91
\cftbeforeparaskip=\skip92
\cftparaindent=\skip93
\cftparanumwidth=\skip94
\cftbeforesubparaskip=\skip95
\cftsubparaindent=\skip96
\cftsubparanumwidth=\skip97
\cftbeforeloftitleskip=\skip98
\cftafterloftitleskip=\skip99
\cftbeforefigskip=\skip100
\cftfigindent=\skip101
\cftfignumwidth=\skip102
\c@lofdepth=\count297
\c@lotdepth=\count298
\cftbeforelottitleskip=\skip103
\cftafterlottitleskip=\skip104
\cftbeforetabskip=\skip105
\cfttabindent=\skip106
\cfttabnumwidth=\skip107
)
(/usr/share/texlive/texmf-dist/tex/latex/appendix/appendix.sty
Package: appendix 2020/02/08 v1.2c extra appendix facilities
\c@@pps=\count299
\c@@ppsavesec=\count300
\c@@ppsaveapp=\count301
)
(/usr/share/texlive/texmf-dist/tex/latex/enumitem/enumitem.sty
Package: enumitem 2019/06/20 v3.9 Customized lists
\labelindent=\skip108
\enit@outerparindent=\dimen190
\enit@toks=\toks32
\enit@inbox=\box63
\enit@count@id=\count302
\enitdp@description=\count303
)
(/usr/share/texlive/texmf-dist/tex/latex/tools/afterpage.sty
Package: afterpage 2023/07/04 v1.08 After-Page Package (DPC)
\AP@output=\toks33
\AP@partial=\box64
\AP@footins=\box65
)
(/usr/share/texlive/texmf-dist/tex/latex/hyperref/hyperref.sty
Package: hyperref 2024-01-20 v7.01h Hypertext links for LaTeX

(/usr/share/texlive/texmf-dist/tex/latex/kvsetkeys/kvsetkeys.sty
Package: kvsetkeys 2022-10-05 v1.19 Key value parser (HO)
)
(/usr/share/texlive/texmf-dist/tex/generic/kvdefinekeys/kvdefinekeys.sty
Package: kvdefinekeys 2019-12-19 v1.6 Define keys (HO)
)
(/usr/share/texlive/texmf-dist/tex/generic/pdfescape/pdfescape.sty
Package: pdfescape 2019/12/09 v1.15 Implements pdfTeX's escape features (HO)

(/usr/share/texlive/texmf-dist/tex/generic/ltxcmds/ltxcmds.sty
Package: ltxcmds 2023-12-04 v1.26 LaTeX kernel commands for general use (HO)
)
(/usr/share/texlive/texmf-dist/tex/generic/pdftexcmds/pdftexcmds.sty
Package: pdftexcmds 2020-06-27 v0.33 Utility functions of pdfTeX for LuaTeX (HO
)

(/usr/share/texlive/texmf-dist/tex/generic/infwarerr/infwarerr.sty
Package: infwarerr 2019/12/03 v1.5 Providing info/warning/error messages (HO)
)
Package pdftexcmds Info: \pdf@primitive is available.
Package pdftexcmds Info: \pdf@ifprimitive is available.
Package pdftexcmds Info: \pdfdraftmode found.
))
(/usr/share/texlive/texmf-dist/tex/latex/hycolor/hycolor.sty
Package: hycolor 2020-01-27 v1.10 Color options for hyperref/bookmark (HO)
)
(/usr/share/texlive/texmf-dist/tex/latex/auxhook/auxhook.sty
Package: auxhook 2019-12-17 v1.6 Hooks for auxiliary files (HO)
)
(/usr/share/texlive/texmf-dist/tex/latex/hyperref/nameref.sty
Package: nameref 2023-11-26 v2.56 Cross-referencing by name of section

(/usr/share/texlive/texmf-dist/tex/latex/refcount/refcount.sty
Package: refcount 2019/12/15 v3.6 Data extraction from label references (HO)
)
(/usr/share/texlive/texmf-dist/tex/generic/gettitlestring/gettitlestring.sty
Package: gettitlestring 2019/12/15 v1.6 Cleanup title references (HO)

(/usr/share/texlive/texmf-dist/tex/latex/kvoptions/kvoptions.sty
Package: kvoptions 2022-06-15 v3.15 Key value format for package options (HO)
))
\c@section@level=\count304
)
(/usr/share/texlive/texmf-dist/tex/latex/etoolbox/etoolbox.sty
Package: etoolbox 2020/10/05 v2.5k e-TeX tools for LaTeX (JAW)
\etb@tempcnta=\count305
)
\@linkdim=\dimen191
\Hy@linkcounter=\count306
\Hy@pagecounter=\count307

(/usr/share/texlive/texmf-dist/tex/latex/hyperref/pd1enc.def
File: pd1enc.def 2024-01-20 v7.01h Hyperref: PDFDocEncoding definition (HO)
Now handling font encoding PD1 ...
... no UTF-8 mapping file for font encoding PD1
)
(/usr/share/texlive/texmf-dist/tex/generic/intcalc/intcalc.sty
Package: intcalc 2019/12/15 v1.3 Expandable calculations with integers (HO)
)
\Hy@SavedSpaceFactor=\count308

(/usr/share/texlive/texmf-dist/tex/latex/hyperref/puenc.def
File: puenc.def 2024-01-20 v7.01h Hyperref: PDF Unicode definition (HO)
Now handling font encoding PU ...
... no UTF-8 mapping file for font encoding PU
)
Package hyperref Info: Hyper figures OFF on input line 4179.
Package hyperref Info: Link nesting OFF on input line 4184.
Package hyperref Info: Hyper index ON on input line 4187.
Package hyperref Info: Plain pages OFF on input line 4194.
Package hyperref Info: Backreferencing OFF on input line 4199.
Package hyperref Info: Implicit mode ON; LaTeX internals redefined.
Package hyperref Info: Bookmarks ON on input line 4446.
\c@Hy@tempcnt=\count309
LaTeX Info: Redefining \url on input line 4784.
\XeTeXLinkMargin=\dimen192

(/usr/share/texlive/texmf-dist/tex/generic/bitset/bitset.sty
Package: bitset 2019/12/09 v1.3 Handle bit-vector datatype (HO)

(/usr/share/texlive/texmf-dist/tex/generic/bigintcalc/bigintcalc.sty
Package: bigintcalc 2019/12/15 v1.5 Expandable calculations on big integers (HO
)
))
\Fld@menulength=\count310
\Field@Width=\dimen193
\Fld@charsize=\dimen194
Package hyperref Info: Hyper figures OFF on input line 6063.
Package hyperref Info: Link nesting OFF on input line 6068.
Package hyperref Info: Hyper index ON on input line 6071.
Package hyperref Info: backreferencing OFF on input line 6078.
Package hyperref Info: Link coloring OFF on input line 6083.
Package hyperref Info: Link coloring with OCG OFF on input line 6088.
Package hyperref Info: PDF/A mode OFF on input line 6093.

(/usr/share/texlive/texmf-dist/tex/latex/base/atbegshi-ltx.sty
Package: atbegshi-ltx 2021/01/10 v1.0c Emulation of the original atbegshi
package with kernel methods
)
\Hy@abspage=\count311
\c@Item=\count312
\c@Hfootnote=\count313
)
Package hyperref Info: Driver (autodetected): hpdftex.

(/usr/share/texlive/texmf-dist/tex/latex/hyperref/hpdftex.def
File: hpdftex.def 2024-01-20 v7.01h Hyperref driver for pdfTeX

(/usr/share/texlive/texmf-dist/tex/latex/base/atveryend-ltx.sty
Package: atveryend-ltx 2020/08/19 v1.0a Emulation of the original atveryend pac
kage
with kernel methods
)
\Fld@listcount=\count314
\c@bookmark@seq@number=\count315

(/usr/share/texlive/texmf-dist/tex/latex/rerunfilecheck/rerunfilecheck.sty
Package: rerunfilecheck 2022-07-10 v1.10 Rerun checks for auxiliary files (HO)

(/usr/share/texlive/texmf-dist/tex/generic/uniquecounter/uniquecounter.sty
Package: uniquecounter 2019/12/15 v1.4 Provide unlimited unique counter (HO)
)
Package uniquecounter Info: New unique counter `rerunfilecheck' on input line 2
85.
)
\Hy@SectionHShift=\skip109
)
Package hyperref Info: Option `colorlinks' set `false' on input line 41.
)
(./setup/formatting.tex
(/usr/share/texlive/texmf-dist/tex/latex/setspace/setspace.sty
Package: setspace 2022/12/04 v6.7b set line spacing
))
(./setup/metadata.tex)
LaTeX Font Info:    Trying to load font information for T1+ptm on input line 8.

 (/usr/share/texlive/texmf-dist/tex/latex/psnfss/t1ptm.fd
File: t1ptm.fd 2001/06/04 font definitions for T1/ptm.
) (/usr/share/texlive/texmf-dist/tex/latex/l3backend/l3backend-pdftex.def
File: l3backend-pdftex.def 2024-01-04 L3 backend support: PDF output (pdfTeX)
\l__color_backend_stack_int=\count316
\l__pdf_internal_box=\box66
)
(./main.aux)
\openout1 = `main.aux'.

LaTeX Font Info:    Checking defaults for OML/cmm/m/it on input line 8.
LaTeX Font Info:    ... okay on input line 8.
LaTeX Font Info:    Checking defaults for OMS/cmsy/m/n on input line 8.
LaTeX Font Info:    ... okay on input line 8.
LaTeX Font Info:    Checking defaults for OT1/cmr/m/n on input line 8.
LaTeX Font Info:    ... okay on input line 8.
LaTeX Font Info:    Checking defaults for T1/cmr/m/n on input line 8.
LaTeX Font Info:    ... okay on input line 8.
LaTeX Font Info:    Checking defaults for TS1/cmr/m/n on input line 8.
LaTeX Font Info:    ... okay on input line 8.
LaTeX Font Info:    Checking defaults for OMX/cmex/m/n on input line 8.
LaTeX Font Info:    ... okay on input line 8.
LaTeX Font Info:    Checking defaults for U/cmr/m/n on input line 8.
LaTeX Font Info:    ... okay on input line 8.
LaTeX Font Info:    Checking defaults for PD1/pdf/m/n on input line 8.
LaTeX Font Info:    ... okay on input line 8.
LaTeX Font Info:    Checking defaults for PU/pdf/m/n on input line 8.
LaTeX Font Info:    ... okay on input line 8.

*geometry* driver: auto-detecting
*geometry* detected driver: pdftex
*geometry* verbose mode - [ preamble ] result:
* driver: pdftex
* paper: a4paper
* layout: <same size as paper>
* layoutoffset:(h,v)=(0.0pt,0.0pt)
* modes: 
* h-part:(L,W,R)=(85.35826pt, 426.79135pt, 85.35826pt)
* v-part:(T,H,B)=(71.13188pt, 717.00946pt, 56.9055pt)
* \paperwidth=597.50787pt
* \paperheight=845.04684pt
* \textwidth=426.79135pt
* \textheight=717.00946pt
* \oddsidemargin=13.08827pt
* \evensidemargin=13.08827pt
* \topmargin=-38.1381pt
* \headheight=12.0pt
* \headsep=25.0pt
* \topskip=12.0pt
* \footskip=30.0pt
* \marginparwidth=35.0pt
* \marginparsep=10.0pt
* \columnsep=10.0pt
* \skip\footins=10.8pt plus 4.0pt minus 2.0pt
* \hoffset=0.0pt
* \voffset=0.0pt
* \mag=1000
* \@twocolumnfalse
* \@twosidefalse
* \@mparswitchfalse
* \@reversemarginfalse
* (1in=72.27pt=25.4mm, 1cm=28.453pt)

(/usr/share/texlive/texmf-dist/tex/context/base/mkii/supp-pdf.mkii
[Loading MPS to PDF converter (version 2006.09.02).]
\scratchcounter=\count317
\scratchdimen=\dimen195
\scratchbox=\box67
\nofMPsegments=\count318
\nofMParguments=\count319
\everyMPshowfont=\toks34
\MPscratchCnt=\count320
\MPscratchDim=\dimen196
\MPnumerator=\count321
\makeMPintoPDFobject=\count322
\everyMPtoPDFconversion=\toks35
) (/usr/share/texlive/texmf-dist/tex/latex/epstopdf-pkg/epstopdf-base.sty
Package: epstopdf-base 2020-01-24 v2.11 Base part for package epstopdf
Package epstopdf-base Info: Redefining graphics rule for `.eps' on input line 4
85.

(/usr/share/texlive/texmf-dist/tex/latex/latexconfig/epstopdf-sys.cfg
File: epstopdf-sys.cfg 2010/07/13 v1.3 Configuration of (r)epstopdf for TeX Liv
e
))
Package caption Info: Begin \AtBeginDocument code.
Package caption Info: hyperref package is loaded.
Package caption Info: End \AtBeginDocument code.
Package hyperref Info: Link coloring OFF on input line 8.

(./main.out) (./main.out)
\@outlinefile=\write3
\openout3 = `main.out'.

 (./frontmatter/titlepage.tex
<images/Black_logo.jpg, id=288, 80.09924pt x 80.58105pt>
File: images/Black_logo.jpg Graphic file (type jpg)
<use images/Black_logo.jpg>
Package pdftex.def Info: images/Black_logo.jpg  used on input line 5.
(pdftex.def)             Requested size: 85.35826pt x 85.87657pt.
 [1

{/var/lib/texmf/fonts/map/pdftex/updmap/pdftex.map}{/usr/share/texlive/texmf-di
st/fonts/enc/dvips/base/8r.enc} <./images/Black_Logo.jpg>]) (./frontmatter/abst
ract.tex [2]
LaTeX Font Info:    Trying to load font information for U+msa on input line 6.

(/usr/share/texlive/texmf-dist/tex/latex/amsfonts/umsa.fd
File: umsa.fd 2013/01/14 v3.01 AMS symbols A
)
LaTeX Font Info:    Trying to load font information for U+msb on input line 6.

(/usr/share/texlive/texmf-dist/tex/latex/amsfonts/umsb.fd
File: umsb.fd 2013/01/14 v3.01 AMS symbols B
)
Underfull \hbox (badness 10000) in paragraph at lines 7--7
[]\T1/ptm/m/n/12 SAMPLE THE-SIS TI-TLE: A COM-PRE-HEN-SIVE
 []

) (./frontmatter/acknowledgement.tex
pdfTeX warning (ext4): destination with the same identifier (name{page.ii}) has
 been already used, duplicate ignored
<to be read again> 
                   \relax 
l.1 \newpage
             [2]
Overfull \hbox (13.26868pt too wide) in paragraph at lines 16--17
[]\T1/ptm/m/n/12 Special ap-pre-ci-a-tion goes to [Any ex-ter-nal col-lab-o-ra-
tors, in-dus-try part-ners, or data providers]
 []

) (./frontmatter/contents.tex [5]
Underfull \hbox (badness 10000) in paragraph at lines 17--24

 []

(./main.toc [6]

Package fancyhdr Warning: \headheight is too small (12.0pt): 
(fancyhdr)                Make it at least 18.0pt, for example:
(fancyhdr)                \setlength{\headheight}{18.0pt}.
(fancyhdr)                You might also make \topmargin smaller to compensate:

(fancyhdr)                \addtolength{\topmargin}{-6.0pt}.

[7])
\tf@toc=\write4
\openout4 = `main.toc'.

) (./frontmatter/listtables.tex

Package fancyhdr Warning: \headheight is too small (12.0pt): 
(fancyhdr)                Make it at least 18.0pt, for example:
(fancyhdr)                \setlength{\headheight}{18.0pt}.
(fancyhdr)                You might also make \topmargin smaller to compensate:

(fancyhdr)                \addtolength{\topmargin}{-6.0pt}.


pdfTeX warning (ext4): destination with the same identifier (name{page.vii}) ha
s been already used, duplicate ignored
<to be read again> 
                   \relax 
l.1 \newpage
             [7] (./main.lot)
\tf@lot=\write5
\openout5 = `main.lot'.

) (./frontmatter/listfigures.tex [9] (./main.lof)
\tf@lof=\write6
\openout6 = `main.lof'.

) (./frontmatter/listsymbols.tex [11]) (./frontmatter/listabbrev.tex [12])
[13] (./chapters/chapter1.tex
Chapter 1.

Overfull \hbox (2.5052pt too wide) in paragraph at lines 3--4
\T1/ptm/m/n/12 This chap-ter in-tro-duces the fun-da-men-tal con-cepts and back
-ground of [your re-search topic].
 []


Overfull \hbox (4.4965pt too wide) in paragraph at lines 5--6
\T1/ptm/m/n/12 can sig-nif-i-cantly im-prove [per-for-mance met-rics] com-pared
 to tra-di-tional ap-proaches. How-
 []


LaTeX Warning: Citation `haynes2016crc' on page 1 undefined on input line 11.


LaTeX Warning: Citation `ravikumar2016optical' on page 1 undefined on input lin
e 11.

[1


]

Package fancyhdr Warning: \headheight is too small (12.0pt): 
(fancyhdr)                Make it at least 18.0pt, for example:
(fancyhdr)                \setlength{\headheight}{18.0pt}.
(fancyhdr)                You might also make \topmargin smaller to compensate:

(fancyhdr)                \addtolength{\topmargin}{-6.0pt}.

[2]) (./chapters/chapter2.tex

Package fancyhdr Warning: \headheight is too small (12.0pt): 
(fancyhdr)                Make it at least 18.0pt, for example:
(fancyhdr)                \setlength{\headheight}{18.0pt}.
(fancyhdr)                You might also make \topmargin smaller to compensate:

(fancyhdr)                \addtolength{\topmargin}{-6.0pt}.

[3]
Chapter 2.

LaTeX Warning: Citation `haynes2016crc' on page 4 undefined on input line 7.


LaTeX Warning: Citation `haynes2016crc' on page 4 undefined on input line 7.


LaTeX Warning: Citation `ravikumar2016optical' on page 4 undefined on input lin
e 7.


LaTeX Warning: Citation `haynes2016crc' on page 4 undefined on input line 11.


LaTeX Warning: Citation `haynes2016crc' on page 4 undefined on input line 11.

[4

]

Package fancyhdr Warning: \headheight is too small (12.0pt): 
(fancyhdr)                Make it at least 18.0pt, for example:
(fancyhdr)                \setlength{\headheight}{18.0pt}.
(fancyhdr)                You might also make \topmargin smaller to compensate:

(fancyhdr)                \addtolength{\topmargin}{-6.0pt}.

[5]

Package fancyhdr Warning: \headheight is too small (12.0pt): 
(fancyhdr)                Make it at least 18.0pt, for example:
(fancyhdr)                \setlength{\headheight}{18.0pt}.
(fancyhdr)                You might also make \topmargin smaller to compensate:

(fancyhdr)                \addtolength{\topmargin}{-6.0pt}.

[6]
Overfull \hbox (14.2712pt too wide) in paragraph at lines 80--81
[]\T1/ptm/b/n/12 Memory Re-quire-ments: \T1/ptm/m/n/12 Tra-di-tional meth-ods l
ike [Model]'s [parameter]-[unit] [method]
 []

) (./chapters/chapter3.tex

Package fancyhdr Warning: \headheight is too small (12.0pt): 
(fancyhdr)                Make it at least 18.0pt, for example:
(fancyhdr)                \setlength{\headheight}{18.0pt}.
(fancyhdr)                You might also make \topmargin smaller to compensate:

(fancyhdr)                \addtolength{\topmargin}{-6.0pt}.

[7]

Package fancyhdr Warning: \headheight is too small (12.0pt): 
(fancyhdr)                Make it at least 18.0pt, for example:
(fancyhdr)                \setlength{\headheight}{18.0pt}.
(fancyhdr)                You might also make \topmargin smaller to compensate:

(fancyhdr)                \addtolength{\topmargin}{-6.0pt}.

[8]
Chapter 3.
[9

]

LaTeX Warning: Citation `haynes2016crc' on page 10 undefined on input line 55.


LaTeX Warning: Citation `haynes2016crc' on page 10 undefined on input line 62.


Package fancyhdr Warning: \headheight is too small (12.0pt): 
(fancyhdr)                Make it at least 18.0pt, for example:
(fancyhdr)                \setlength{\headheight}{18.0pt}.
(fancyhdr)                You might also make \topmargin smaller to compensate:

(fancyhdr)                \addtolength{\topmargin}{-6.0pt}.

[10]

LaTeX Warning: Citation `ravikumar2016optical' on page 11 undefined on input li
ne 82.


LaTeX Warning: Citation `ravikumar2016optical' on page 11 undefined on input li
ne 86.

Package hyperref Info: bookmark level for unknown algorithm defaults to 0 on in
put line 100.

Package fancyhdr Warning: \headheight is too small (12.0pt): 
(fancyhdr)                Make it at least 18.0pt, for example:
(fancyhdr)                \setlength{\headheight}{18.0pt}.
(fancyhdr)                You might also make \topmargin smaller to compensate:

(fancyhdr)                \addtolength{\topmargin}{-6.0pt}.

[11]

LaTeX Warning: Citation `haynes2016crc' on page 12 undefined on input line 134.



Package fancyhdr Warning: \headheight is too small (12.0pt): 
(fancyhdr)                Make it at least 18.0pt, for example:
(fancyhdr)                \setlength{\headheight}{18.0pt}.
(fancyhdr)                You might also make \topmargin smaller to compensate:

(fancyhdr)                \addtolength{\topmargin}{-6.0pt}.

[12]
LaTeX Font Info:    Trying to load font information for TS1+ptm on input line 1
45.
 (/usr/share/texlive/texmf-dist/tex/latex/psnfss/ts1ptm.fd
File: ts1ptm.fd 2001/06/04 font definitions for TS1/ptm.
)
LaTeX Info: Symbol \textrightarrow not provided by
            font family ptm in TS1 encoding.
            Default family used instead on input line 145.
LaTeX Info: Symbol \textrightarrow not provided by
            font family ptm in TS1 encoding.
            Default family used instead on input line 145.
LaTeX Info: Symbol \textrightarrow not provided by
            font family ptm in TS1 encoding.
            Default family used instead on input line 145.


Package fancyhdr Warning: \headheight is too small (12.0pt): 
(fancyhdr)                Make it at least 18.0pt, for example:
(fancyhdr)                \setlength{\headheight}{18.0pt}.
(fancyhdr)                You might also make \topmargin smaller to compensate:

(fancyhdr)                \addtolength{\topmargin}{-6.0pt}.

[13{/usr/share/texmf/fonts/enc/dvips/cm-super/cm-super-ts1.enc}])
(./chapters/chapter4.tex

Package fancyhdr Warning: \headheight is too small (12.0pt): 
(fancyhdr)                Make it at least 18.0pt, for example:
(fancyhdr)                \setlength{\headheight}{18.0pt}.
(fancyhdr)                You might also make \topmargin smaller to compensate:

(fancyhdr)                \addtolength{\topmargin}{-6.0pt}.

[14]
Chapter 4.

Overfull \hbox (79.34149pt too wide) in paragraph at lines 45--58
[][] 
 []

[15

]
Overfull \hbox (79.34149pt too wide) in paragraph at lines 92--103
[][] 
 []


Package fancyhdr Warning: \headheight is too small (12.0pt): 
(fancyhdr)                Make it at least 18.0pt, for example:
(fancyhdr)                \setlength{\headheight}{18.0pt}.
(fancyhdr)                You might also make \topmargin smaller to compensate:

(fancyhdr)                \addtolength{\topmargin}{-6.0pt}.

[16]
! Missing number, treated as zero.
<to be read again> 
                   M
l.120 [Method 1]
                 & [Value 3] & [Value 4] \\
? 
! Illegal unit of measure (pt inserted).
<to be read again> 
                   M
l.120 [Method 1]
                 & [Value 3] & [Value 4] \\
? 
! Missing = inserted for \ifdim.
<to be read again> 
                   M
l.120 [Method 1]
                 & [Value 3] & [Value 4] \\
? 
! Missing number, treated as zero.
<to be read again> 
                   M
l.120 [Method 1]
                 & [Value 3] & [Value 4] \\
? 
! Illegal unit of measure (pt inserted).
<to be read again> 
                   M
l.120 [Method 1]
                 & [Value 3] & [Value 4] \\
? 
! Missing number, treated as zero.
<to be read again> 
                   \unskip 
l.120 [Method 1]
                 & [Value 3] & [Value 4] \\
? 
! Illegal unit of measure (pt inserted).
<to be read again> 
                   \unskip 
l.120 [Method 1]
                 & [Value 3] & [Value 4] \\
? 
! Missing number, treated as zero.
<to be read again> 
                   M
l.120 [Method 1]
                 & [Value 3] & [Value 4] \\
? 
! Illegal unit of measure (pt inserted).
<to be read again> 
                   M
l.120 [Method 1]
                 & [Value 3] & [Value 4] \\
? 
! Missing number, treated as zero.
<to be read again> 
                   M
l.121 [Method 3]
                 & [Value 5] & [Value 6] \\
? 
! Illegal unit of measure (pt inserted).
<to be read again> 
                   M
l.121 [Method 3]
                 & [Value 5] & [Value 6] \\
? 
! Missing = inserted for \ifdim.
<to be read again> 
                   M
l.121 [Method 3]
                 & [Value 5] & [Value 6] \\
? 
! Missing number, treated as zero.
<to be read again> 
                   M
l.121 [Method 3]
                 & [Value 5] & [Value 6] \\
? 
! Illegal unit of measure (pt inserted).
<to be read again> 
                   M
l.121 [Method 3]
                 & [Value 5] & [Value 6] \\
? 
! Missing number, treated as zero.
<to be read again> 
                   \unskip 
l.121 [Method 3]
                 & [Value 5] & [Value 6] \\
? 
! Illegal unit of measure (pt inserted).
<to be read again> 
                   \unskip 
l.121 [Method 3]
                 & [Value 5] & [Value 6] \\
? 
! Missing number, treated as zero.
<to be read again> 
                   M
l.121 [Method 3]
                 & [Value 5] & [Value 6] \\
? 
! Illegal unit of measure (pt inserted).
<to be read again> 
                   M
l.121 [Method 3]
                 & [Value 5] & [Value 6] \\
? 

Overfull \hbox (0.93288pt too wide) in paragraph at lines 128--129
\T1/ptm/m/n/12 proach^^V[process de-scrip-tion] re-quires only the [cur-rent in
-put] and [pre-vi-ous state], avoid-
 []

! Missing number, treated as zero.
<to be read again> 
                   V
l.146 [Value 2]
                & [Count 2] ([Size 2] KB) & [Size Value 2] KB \\
? 
! Illegal unit of measure (pt inserted).
<to be read again> 
                   V
l.146 [Value 2]
                & [Count 2] ([Size 2] KB) & [Size Value 2] KB \\
? 
! Missing = inserted for \ifdim.
<to be read again> 
                   V
l.146 [Value 2]
                & [Count 2] ([Size 2] KB) & [Size Value 2] KB \\
? 
! Missing number, treated as zero.
<to be read again> 
                   V
l.146 [Value 2]
                & [Count 2] ([Size 2] KB) & [Size Value 2] KB \\
? 
! Illegal unit of measure (pt inserted).
<to be read again> 
                   V
l.146 [Value 2]
                & [Count 2] ([Size 2] KB) & [Size Value 2] KB \\
? 
! Missing number, treated as zero.
<to be read again> 
                   \unskip 
l.146 [Value 2]
                & [Count 2] ([Size 2] KB) & [Size Value 2] KB \\
? 
! Illegal unit of measure (pt inserted).
<to be read again> 
                   \unskip 
l.146 [Value 2]
                & [Count 2] ([Size 2] KB) & [Size Value 2] KB \\
? 
! Missing number, treated as zero.
<to be read again> 
                   V
l.146 [Value 2]
                & [Count 2] ([Size 2] KB) & [Size Value 2] KB \\
? 
! Illegal unit of measure (pt inserted).
<to be read again> 
                   V
l.146 [Value 2]
                & [Count 2] ([Size 2] KB) & [Size Value 2] KB \\
? 
! Missing number, treated as zero.
<to be read again> 
                   V
l.147 [Value 3]
                & [Count 3] ([Size 3] KB) & [Size Value 3] KB \\
? 
! Illegal unit of measure (pt inserted).
<to be read again> 
                   V
l.147 [Value 3]
                & [Count 3] ([Size 3] KB) & [Size Value 3] KB \\
? 
! Missing = inserted for \ifdim.
<to be read again> 
                   V
l.147 [Value 3]
                & [Count 3] ([Size 3] KB) & [Size Value 3] KB \\
? 
! Missing number, treated as zero.
<to be read again> 
                   V
l.147 [Value 3]
                & [Count 3] ([Size 3] KB) & [Size Value 3] KB \\
? 
! Illegal unit of measure (pt inserted).
<to be read again> 
                   V
l.147 [Value 3]
                & [Count 3] ([Size 3] KB) & [Size Value 3] KB \\
? 
! Missing number, treated as zero.
<to be read again> 
                   \unskip 
l.147 [Value 3]
                & [Count 3] ([Size 3] KB) & [Size Value 3] KB \\
? 
! Illegal unit of measure (pt inserted).
<to be read again> 
                   \unskip 
l.147 [Value 3]
                & [Count 3] ([Size 3] KB) & [Size Value 3] KB \\
? 
! Missing number, treated as zero.
<to be read again> 
                   V
l.147 [Value 3]
                & [Count 3] ([Size 3] KB) & [Size Value 3] KB \\
? 
! Illegal unit of measure (pt inserted).
<to be read again> 
                   V
l.147 [Value 3]
                & [Count 3] ([Size 3] KB) & [Size Value 3] KB \\
? 

Package fancyhdr Warning: \headheight is too small (12.0pt): 
(fancyhdr)                Make it at least 18.0pt, for example:
(fancyhdr)                \setlength{\headheight}{18.0pt}.
(fancyhdr)                You might also make \topmargin smaller to compensate:

(fancyhdr)                \addtolength{\topmargin}{-6.0pt}.

[17]
Overfull \hbox (36.20197pt too wide) in paragraph at lines 189--200
[][] 
 []


Package fancyhdr Warning: \headheight is too small (12.0pt): 
(fancyhdr)                Make it at least 18.0pt, for example:
(fancyhdr)                \setlength{\headheight}{18.0pt}.
(fancyhdr)                You might also make \topmargin smaller to compensate:

(fancyhdr)                \addtolength{\topmargin}{-6.0pt}.

[18]

Package fancyhdr Warning: \headheight is too small (12.0pt): 
(fancyhdr)                Make it at least 18.0pt, for example:
(fancyhdr)                \setlength{\headheight}{18.0pt}.
(fancyhdr)                You might also make \topmargin smaller to compensate:

(fancyhdr)                \addtolength{\topmargin}{-6.0pt}.

[19]

Package fancyhdr Warning: \headheight is too small (12.0pt): 
(fancyhdr)                Make it at least 18.0pt, for example:
(fancyhdr)                \setlength{\headheight}{18.0pt}.
(fancyhdr)                You might also make \topmargin smaller to compensate:

(fancyhdr)                \addtolength{\topmargin}{-6.0pt}.

[20]) (./chapters/chapter5.tex

Package fancyhdr Warning: \headheight is too small (12.0pt): 
(fancyhdr)                Make it at least 18.0pt, for example:
(fancyhdr)                \setlength{\headheight}{18.0pt}.
(fancyhdr)                You might also make \topmargin smaller to compensate:

(fancyhdr)                \addtolength{\topmargin}{-6.0pt}.

[21]
Chapter 5.
[22

]
Overfull \hbox (22.83966pt too wide) in paragraph at lines 44--45
[]\T1/ptm/b/n/12 Optimal [Pa-ram-e-ter] Trade-off: \T1/ptm/m/n/12 [Medium pa-ra
m-e-ter] main-tain ro-bust ac-cu-racy (XX.X%)
 []


Package fancyhdr Warning: \headheight is too small (12.0pt): 
(fancyhdr)                Make it at least 18.0pt, for example:
(fancyhdr)                \setlength{\headheight}{18.0pt}.
(fancyhdr)                You might also make \topmargin smaller to compensate:

(fancyhdr)                \addtolength{\topmargin}{-6.0pt}.

[23]
Overfull \hbox (1.50366pt too wide) in paragraph at lines 100--101
[]\T1/ptm/b/n/12 Laboratory Con-di-tions: \T1/ptm/m/n/12 Real-world de-ploy-men
t may en-counter ad-di-tional chal-lenges
 []


Package fancyhdr Warning: \headheight is too small (12.0pt): 
(fancyhdr)                Make it at least 18.0pt, for example:
(fancyhdr)                \setlength{\headheight}{18.0pt}.
(fancyhdr)                You might also make \topmargin smaller to compensate:

(fancyhdr)                \addtolength{\topmargin}{-6.0pt}.

[24]
Overfull \hbox (13.50365pt too wide) in paragraph at lines 130--131
[]\T1/ptm/b/n/12 Hybrid [Method] Ap-proaches: \T1/ptm/m/n/12 De-vel-op-ing adap
-tive meth-ods that com-bine the strengths
 []


Package fancyhdr Warning: \headheight is too small (12.0pt): 
(fancyhdr)                Make it at least 18.0pt, for example:
(fancyhdr)                \setlength{\headheight}{18.0pt}.
(fancyhdr)                You might also make \topmargin smaller to compensate:

(fancyhdr)                \addtolength{\topmargin}{-6.0pt}.

[25]
Overfull \hbox (32.58304pt too wide) in paragraph at lines 160--161
[]\T1/ptm/b/n/12 Cloud In-te-gra-tion: \T1/ptm/m/n/12 De-vel-op-ing cloud-based
 sys-tems for cen-tral-ized [mon-i-tor-ing/processing]
 []


Package fancyhdr Warning: \headheight is too small (12.0pt): 
(fancyhdr)                Make it at least 18.0pt, for example:
(fancyhdr)                \setlength{\headheight}{18.0pt}.
(fancyhdr)                You might also make \topmargin smaller to compensate:

(fancyhdr)                \addtolength{\topmargin}{-6.0pt}.

[26]) (./main.bbl

Package fancyhdr Warning: \headheight is too small (12.0pt): 
(fancyhdr)                Make it at least 18.0pt, for example:
(fancyhdr)                \setlength{\headheight}{18.0pt}.
(fancyhdr)                You might also make \topmargin smaller to compensate:

(fancyhdr)                \addtolength{\topmargin}{-6.0pt}.

[27]) [28

] (./main.aux)
 ***********
LaTeX2e <2023-11-01> patch level 1
L3 programming layer <2024-01-22>
 ***********


LaTeX Warning: There were undefined references.


LaTeX Warning: Label(s) may have changed. Rerun to get cross-references right.

Package rerunfilecheck Info: File `main.out' has not changed.
(rerunfilecheck)             Checksum: E67DB1963CA80D66287200F4DD121001;13439.
 ) 
Here is how much of TeX's memory you used:
 14336 strings out of 474222
 222753 string characters out of 5748733
 1939975 words of memory out of 5000000
 36072 multiletter control sequences out of 15000+600000
 596246 words of font info for 80 fonts, out of 8000000 for 9000
 1141 hyphenation exceptions out of 8191
 80i,13n,82p,937b,600s stack positions out of 10000i,1000n,20000p,200000b,200000s
</usr/share/texlive/texmf-dist/fonts/type1/public/amsfonts/cm/cmmi12.pfb></us
r/share/texlive/texmf-dist/fonts/type1/public/amsfonts/cm/cmmi8.pfb></usr/share
/texlive/texmf-dist/fonts/type1/public/amsfonts/cm/cmr12.pfb></usr/share/texliv
e/texmf-dist/fonts/type1/public/amsfonts/cm/cmr8.pfb></usr/share/texlive/texmf-
dist/fonts/type1/public/amsfonts/cm/cmsy10.pfb></usr/share/texlive/texmf-dist/f
onts/type1/public/amsfonts/cm/cmsy8.pfb></usr/share/texmf/fonts/type1/public/cm
-super/sfrm1200.pfb></usr/share/texlive/texmf-dist/fonts/type1/urw/times/utmb8a
.pfb></usr/share/texlive/texmf-dist/fonts/type1/urw/times/utmr8a.pfb></usr/shar
e/texlive/texmf-dist/fonts/type1/urw/times/utmri8a.pfb>
Output written on main.pdf (39 pages, 398408 bytes).
PDF statistics:
 796 PDF objects out of 1000 (max. 8388607)
 726 compressed objects within 8 object streams
 250 named destinations out of 1000 (max. 500000)
 574 words of extra memory for PDF output out of 10000 (max. 10000000)

